[Thu Aug  8 09:00:16 2013] [info] Listening at "http://*:3000".
[Thu Aug  8 09:00:20 2013] [debug] Your secret passphrase needs to be changed!!!
[Thu Aug  8 09:00:20 2013] [debug] GET "/".
[Thu Aug  8 09:00:20 2013] [debug] Routing to controller "MyApp::Example" and action "welcome".
[Thu Aug  8 09:00:20 2013] [error] parse error - example/welcome.html.tt line 8: unexpected end of input
[Thu Aug  8 09:00:20 2013] [debug] Template "exception.development.html.ep" not found.
[Thu Aug  8 09:00:20 2013] [debug] Template "exception.html.ep" not found.
[Thu Aug  8 09:00:20 2013] [debug] Rendering inline template.
[Thu Aug  8 09:00:20 2013] [debug] Rendering inline template.
[Thu Aug  8 09:00:20 2013] [debug] 500 Internal Server Error (0.061556s, 16.245/s).
[Thu Aug  8 09:00:41 2013] [info] Listening at "http://*:3000".
[Thu Aug  8 09:00:44 2013] [debug] Your secret passphrase needs to be changed!!!
[Thu Aug  8 09:00:44 2013] [debug] GET "/".
[Thu Aug  8 09:00:44 2013] [debug] Routing to controller "MyApp::Example" and action "welcome".
[Thu Aug  8 09:00:44 2013] [debug] 200 OK (0.032461s, 30.806/s).
[Thu Aug  8 09:00:47 2013] [debug] GET "/".
[Thu Aug  8 09:00:47 2013] [debug] Routing to controller "MyApp::Example" and action "welcome".
[Thu Aug  8 09:00:47 2013] [debug] 200 OK (0.001260s, 793.651/s).
[Thu Aug  8 09:00:52 2013] [debug] GET "/".
[Thu Aug  8 09:00:52 2013] [debug] Routing to controller "MyApp::Example" and action "welcome".
[Thu Aug  8 09:00:52 2013] [debug] 200 OK (0.001683s, 594.177/s).
